<?xml version="1.0" encoding="UTF-8"?>
<!-- Generated by org.testng.reporters.JUnitReportReporter -->
<testsuite hostname="Dhiren" failures="0" tests="1" name="com.testcases.TestCase4" time="10.191" errors="0" timestamp="2020-03-14T10:12:13 EDT" skipped="0">
  <testcase classname="com.testcases.TestCase4" name="navigatetoGoogle" time="10.191"/>
  <system-out/>
</testsuite> <!-- com.testcases.TestCase4 -->
