<?xml version="1.0" encoding="UTF-8"?>
<!-- Generated by org.testng.reporters.JUnitReportReporter -->
<testsuite hostname="Dhiren" failures="0" tests="1" name="com.testcases.TestCase3" time="0.001" errors="0" timestamp="2020-03-14T10:12:13 EDT" skipped="0">
  <testcase classname="com.testcases.TestCase3" name="testcasethree" time="0.001"/>
  <system-out/>
</testsuite> <!-- com.testcases.TestCase3 -->
