<?xml version="1.0" encoding="UTF-8"?>
<!-- Generated by org.testng.reporters.JUnitReportReporter -->
<testsuite hostname="Dhiren" failures="0" tests="1" name="com.testcases.TestCase2" time="0.000" errors="0" timestamp="2020-03-14T10:10:12 EDT" skipped="0">
  <testcase classname="com.testcases.TestCase2" name="testcasetwo" time="0.000"/>
  <system-out/>
</testsuite> <!-- com.testcases.TestCase2 -->
